<?xml version="1.0" encoding="UTF-8"?>
<testsuite xmlns:xsi="http://www.w3.org/2001/XMLSchema-instance" xsi:noNamespaceSchemaLocation="https://maven.apache.org/surefire/maven-surefire-plugin/xsd/surefire-test-report-3.0.xsd" version="3.0" name="org.exercise.EnergyConsumptionTest" time="0.097" tests="5" errors="0" skipped="0" failures="0">
  <properties>
[...]
</properties>
  <testcase name="testSimpleCase" classname="org.exercise.EnergyConsumptionTest" time="0.046"/>
  <testcase name="testEdgeCaseAllOff" classname="org.exercise.EnergyConsumptionTest" time="0.002"/>
  <testcase name="testComplexCase" classname="org.exercise.EnergyConsumptionTest" time="0.003"/>
  <testcase name="testMissingMessages" classname="org.exercise.EnergyConsumptionTest" time="0.002"/>
  <testcase name="testOutOfOrderMessages" classname="org.exercise.EnergyConsumptionTest" time="0.002"/>
</testsuite>